[debug] [2022-06-18T15:28:51.015Z] ----------------------------------------------------------------------
[debug] [2022-06-18T15:28:51.016Z] Command:       /usr/local/bin/node /usr/local/bin/firebase init
[debug] [2022-06-18T15:28:51.017Z] CLI Version:   11.0.1
[debug] [2022-06-18T15:28:51.017Z] Platform:      darwin
[debug] [2022-06-18T15:28:51.017Z] Node Version:  v16.15.0
[debug] [2022-06-18T15:28:51.018Z] Time:          Sat Jun 18 2022 20:58:51 GMT+0530 (India Standard Time)
[debug] [2022-06-18T15:28:51.018Z] ----------------------------------------------------------------------
[debug] 
[debug] [2022-06-18T15:28:51.021Z] >>> [apiv2][query] GET https://firebase-public.firebaseio.com/cli.json [none]
[debug] [2022-06-18T15:28:51.044Z] > command requires scopes: ["email","openid","https://www.googleapis.com/auth/cloudplatformprojects.readonly","https://www.googleapis.com/auth/firebase","https://www.googleapis.com/auth/cloud-platform"]
[debug] [2022-06-18T15:28:51.045Z] > authorizing via signed-in user (shreyag@geekyants.com)
[info] 
     ######## #### ########  ######## ########     ###     ######  ########
     ##        ##  ##     ## ##       ##     ##  ##   ##  ##       ##
     ######    ##  ########  ######   ########  #########  ######  ######
     ##        ##  ##    ##  ##       ##     ## ##     ##       ## ##
     ##       #### ##     ## ######## ########  ##     ##  ######  ########

You're about to initialize a Firebase project in this directory:

  /Users/shreyagupta/Desktop/fleet-manager

[debug] [2022-06-18T15:28:52.166Z] <<< [apiv2][status] GET https://firebase-public.firebaseio.com/cli.json 200
[debug] [2022-06-18T15:28:52.166Z] <<< [apiv2][body] GET https://firebase-public.firebaseio.com/cli.json {"cloudBuildErrorAfter":1594252800000,"cloudBuildWarnAfter":1590019200000,"defaultNode10After":1594252800000,"minVersion":"3.0.5","node8DeploysDisabledAfter":1613390400000,"node8RuntimeDisabledAfter":1615809600000,"node8WarnAfter":1600128000000}
